<?xml version='1.0' encoding='UTF-8' ?>
<testsuite name="com.example.g2_qc.SubmitJobAsEmployerTest" tests="4" failures="0" errors="0" skipped="0" time="9.024" timestamp="2023-04-10T02:48:18" hostname="localhost">
  <properties>
    <property name="device" value="Pixel_4_API_33(AVD) - 13" />
    <property name="flavor" value="" />
    <property name="project" value=":app" />
  </properties>
  <testcase name="testJobDescriptionFieldRequired" classname="com.example.g2_qc.SubmitJobAsEmployerTest" time="2.418" />
  <testcase name="testSubmitJobButtonEnabledWhenFieldsFilled" classname="com.example.g2_qc.SubmitJobAsEmployerTest" time="2.977" />
  <testcase name="testJobPaymentFieldRequired" classname="com.example.g2_qc.SubmitJobAsEmployerTest" time="1.655" />
  <testcase name="testJobNameFieldRequired" classname="com.example.g2_qc.SubmitJobAsEmployerTest" time="1.583" />
</testsuite>